{"C:\\Users\\Enduser\\.gemini\\antigravity\\scratch\\kmti-icad-hub\\frontend\\src\\services\\api.ts": {"path":"C:\\Users\\Enduser\\.gemini\\antigravity\\scratch\\kmti-icad-hub\\frontend\\src\\services\\api.ts","statementMap":{"0":{"start":{"line":3,"column":19},"end":{"line":3,"column":null}},"1":{"start":{"line":4,"column":20},"end":{"line":4,"column":null}},"2":{"start":{"line":5,"column":22},"end":{"line":5,"column":null}},"3":{"start":{"line":7,"column":12},"end":{"line":13,"column":null}},"4":{"start":{"line":16,"column":0},"end":{"line":35,"column":null}},"5":{"start":{"line":18,"column":22},"end":{"line":18,"column":null}},"6":{"start":{"line":19,"column":8},"end":{"line":21,"column":null}},"7":{"start":{"line":20,"column":12},"end":{"line":20,"column":null}},"8":{"start":{"line":22,"column":8},"end":{"line":24,"column":null}},"9":{"start":{"line":23,"column":12},"end":{"line":23,"column":null}},"10":{"start":{"line":26,"column":21},"end":{"line":26,"column":null}},"11":{"start":{"line":27,"column":8},"end":{"line":29,"column":null}},"12":{"start":{"line":28,"column":12},"end":{"line":28,"column":null}},"13":{"start":{"line":30,"column":8},"end":{"line":30,"column":null}},"14":{"start":{"line":33,"column":8},"end":{"line":33,"column":null}},"15":{"start":{"line":38,"column":0},"end":{"line":56,"column":null}},"16":{"start":{"line":39,"column":18},"end":{"line":39,"column":null}},"17":{"start":{"line":42,"column":31},"end":{"line":42,"column":null}},"18":{"start":{"line":43,"column":30},"end":{"line":43,"column":null}},"19":{"start":{"line":45,"column":8},"end":{"line":53,"column":null}},"20":{"start":{"line":46,"column":12},"end":{"line":46,"column":null}},"21":{"start":{"line":47,"column":12},"end":{"line":47,"column":null}},"22":{"start":{"line":48,"column":12},"end":{"line":48,"column":null}},"23":{"start":{"line":50,"column":12},"end":{"line":52,"column":null}},"24":{"start":{"line":51,"column":16},"end":{"line":51,"column":null}},"25":{"start":{"line":54,"column":8},"end":{"line":54,"column":null}},"26":{"start":{"line":62,"column":31},"end":{"line":70,"column":null}},"27":{"start":{"line":63,"column":4},"end":{"line":69,"column":null}},"28":{"start":{"line":64,"column":25},"end":{"line":64,"column":null}},"29":{"start":{"line":65,"column":8},"end":{"line":65,"column":null}},"30":{"start":{"line":67,"column":8},"end":{"line":67,"column":null}},"31":{"start":{"line":68,"column":8},"end":{"line":68,"column":null}},"32":{"start":{"line":73,"column":35},"end":{"line":76,"column":null}},"33":{"start":{"line":74,"column":21},"end":{"line":74,"column":null}},"34":{"start":{"line":75,"column":4},"end":{"line":75,"column":null}},"35":{"start":{"line":79,"column":26},"end":{"line":82,"column":null}},"36":{"start":{"line":80,"column":21},"end":{"line":80,"column":null}},"37":{"start":{"line":81,"column":4},"end":{"line":81,"column":null}},"38":{"start":{"line":85,"column":31},"end":{"line":88,"column":null}},"39":{"start":{"line":86,"column":21},"end":{"line":86,"column":null}},"40":{"start":{"line":87,"column":4},"end":{"line":87,"column":null}},"41":{"start":{"line":91,"column":32},"end":{"line":94,"column":null}},"42":{"start":{"line":92,"column":21},"end":{"line":92,"column":null}},"43":{"start":{"line":93,"column":4},"end":{"line":93,"column":null}}},"fnMap":{"0":{"name":"(anonymous_0)","decl":{"start":{"line":16,"column":25},"end":{"line":16,"column":null}},"loc":{"start":{"line":17,"column":16},"end":{"line":31,"column":null}},"line":17},"1":{"name":"(anonymous_1)","decl":{"start":{"line":31,"column":4},"end":{"line":31,"column":null}},"loc":{"start":{"line":32,"column":15},"end":{"line":34,"column":null}},"line":32},"2":{"name":"(anonymous_2)","decl":{"start":{"line":38,"column":26},"end":{"line":38,"column":null}},"loc":{"start":{"line":39,"column":18},"end":{"line":39,"column":null}},"line":39},"3":{"name":"(anonymous_3)","decl":{"start":{"line":39,"column":18},"end":{"line":39,"column":null}},"loc":{"start":{"line":40,"column":15},"end":{"line":55,"column":null}},"line":40},"4":{"name":"(anonymous_4)","decl":{"start":{"line":62,"column":31},"end":{"line":62,"column":43}},"loc":{"start":{"line":62,"column":43},"end":{"line":70,"column":null}},"line":62},"5":{"name":"(anonymous_5)","decl":{"start":{"line":73,"column":35},"end":{"line":73,"column":42}},"loc":{"start":{"line":73,"column":60},"end":{"line":76,"column":null}},"line":73},"6":{"name":"(anonymous_6)","decl":{"start":{"line":79,"column":26},"end":{"line":79,"column":38}},"loc":{"start":{"line":79,"column":38},"end":{"line":82,"column":null}},"line":79},"7":{"name":"(anonymous_7)","decl":{"start":{"line":85,"column":31},"end":{"line":85,"column":38}},"loc":{"start":{"line":85,"column":75},"end":{"line":88,"column":null}},"line":85},"8":{"name":"(anonymous_8)","decl":{"start":{"line":91,"column":32},"end":{"line":91,"column":39}},"loc":{"start":{"line":91,"column":69},"end":{"line":94,"column":null}},"line":91}},"branchMap":{"0":{"loc":{"start":{"line":4,"column":20},"end":{"line":4,"column":null}},"type":"cond-expr","locations":[{"start":{"line":4,"column":33},"end":{"line":4,"column":48}},{"start":{"line":4,"column":48},"end":{"line":4,"column":null}}],"line":4},"1":{"loc":{"start":{"line":4,"column":48},"end":{"line":4,"column":null}},"type":"cond-expr","locations":[{"start":{"line":4,"column":127},"end":{"line":4,"column":154}},{"start":{"line":4,"column":154},"end":{"line":4,"column":null}}],"line":4},"2":{"loc":{"start":{"line":4,"column":48},"end":{"line":4,"column":127}},"type":"binary-expr","locations":[{"start":{"line":4,"column":48},"end":{"line":4,"column":81}},{"start":{"line":4,"column":81},"end":{"line":4,"column":100}},{"start":{"line":4,"column":100},"end":{"line":4,"column":127}}],"line":4},"3":{"loc":{"start":{"line":5,"column":22},"end":{"line":5,"column":null}},"type":"binary-expr","locations":[{"start":{"line":5,"column":22},"end":{"line":5,"column":64}},{"start":{"line":5,"column":64},"end":{"line":5,"column":97}},{"start":{"line":5,"column":97},"end":{"line":5,"column":null}}],"line":5},"4":{"loc":{"start":{"line":19,"column":8},"end":{"line":21,"column":null}},"type":"if","locations":[{"start":{"line":19,"column":8},"end":{"line":21,"column":null}},{"start":{},"end":{}}],"line":19},"5":{"loc":{"start":{"line":22,"column":8},"end":{"line":24,"column":null}},"type":"if","locations":[{"start":{"line":22,"column":8},"end":{"line":24,"column":null}},{"start":{},"end":{}}],"line":22},"6":{"loc":{"start":{"line":22,"column":12},"end":{"line":22,"column":127}},"type":"binary-expr","locations":[{"start":{"line":22,"column":12},"end":{"line":22,"column":26}},{"start":{"line":22,"column":26},"end":{"line":22,"column":63}},{"start":{"line":22,"column":63},"end":{"line":22,"column":97}},{"start":{"line":22,"column":97},"end":{"line":22,"column":127}}],"line":22},"7":{"loc":{"start":{"line":23,"column":35},"end":{"line":23,"column":75}},"type":"cond-expr","locations":[{"start":{"line":23,"column":64},"end":{"line":23,"column":69}},{"start":{"line":23,"column":69},"end":{"line":23,"column":75}}],"line":23},"8":{"loc":{"start":{"line":26,"column":21},"end":{"line":26,"column":null}},"type":"binary-expr","locations":[{"start":{"line":26,"column":21},"end":{"line":26,"column":39}},{"start":{"line":26,"column":39},"end":{"line":26,"column":null}}],"line":26},"9":{"loc":{"start":{"line":27,"column":8},"end":{"line":29,"column":null}},"type":"if","locations":[{"start":{"line":27,"column":8},"end":{"line":29,"column":null}},{"start":{},"end":{}}],"line":27},"10":{"loc":{"start":{"line":27,"column":12},"end":{"line":27,"column":98}},"type":"binary-expr","locations":[{"start":{"line":27,"column":12},"end":{"line":27,"column":26}},{"start":{"line":27,"column":26},"end":{"line":27,"column":60}},{"start":{"line":27,"column":60},"end":{"line":27,"column":92}},{"start":{"line":27,"column":92},"end":{"line":27,"column":98}}],"line":27},"11":{"loc":{"start":{"line":43,"column":30},"end":{"line":43,"column":null}},"type":"binary-expr","locations":[{"start":{"line":43,"column":30},"end":{"line":43,"column":66}},{"start":{"line":43,"column":66},"end":{"line":43,"column":null}}],"line":43},"12":{"loc":{"start":{"line":45,"column":8},"end":{"line":53,"column":null}},"type":"if","locations":[{"start":{"line":45,"column":8},"end":{"line":53,"column":null}},{"start":{},"end":{}}],"line":45},"13":{"loc":{"start":{"line":45,"column":12},"end":{"line":45,"column":81}},"type":"binary-expr","locations":[{"start":{"line":45,"column":12},"end":{"line":45,"column":46}},{"start":{"line":45,"column":46},"end":{"line":45,"column":65}},{"start":{"line":45,"column":65},"end":{"line":45,"column":81}}],"line":45},"14":{"loc":{"start":{"line":50,"column":12},"end":{"line":52,"column":null}},"type":"if","locations":[{"start":{"line":50,"column":12},"end":{"line":52,"column":null}},{"start":{},"end":{}}],"line":50},"15":{"loc":{"start":{"line":50,"column":16},"end":{"line":50,"column":91}},"type":"binary-expr","locations":[{"start":{"line":50,"column":16},"end":{"line":50,"column":52}},{"start":{"line":50,"column":52},"end":{"line":50,"column":91}}],"line":50}},"s":{"0":1,"1":1,"2":1,"3":1,"4":1,"5":8,"6":8,"7":8,"8":8,"9":0,"10":8,"11":8,"12":8,"13":8,"14":0,"15":1,"16":7,"17":1,"18":1,"19":1,"20":0,"21":0,"22":0,"23":0,"24":0,"25":1,"26":1,"27":0,"28":0,"29":0,"30":0,"31":0,"32":1,"33":0,"34":0,"35":1,"36":0,"37":0,"38":1,"39":0,"40":0,"41":1,"42":0,"43":0},"f":{"0":8,"1":0,"2":7,"3":1,"4":0,"5":0,"6":0,"7":0,"8":0},"b":{"0":[0,1],"1":[1,0],"2":[1,1,1],"3":[1,1,1],"4":[8,0],"5":[0,8],"6":[8,8,0,0],"7":[0,0],"8":[8,0],"9":[8,0],"10":[8,8,8,8],"11":[1,0],"12":[0,1],"13":[1,0,0],"14":[0,0],"15":[0,0]},"meta":{"lastBranch":16,"lastFunction":9,"lastStatement":44,"seen":{"s:3:19:3:Infinity":0,"s:4:20:4:Infinity":1,"b:4:33:4:48:4:48:4:Infinity":0,"b:4:127:4:154:4:154:4:Infinity":1,"b:4:48:4:81:4:81:4:100:4:100:4:127":2,"s:5:22:5:Infinity":2,"b:5:22:5:64:5:64:5:97:5:97:5:Infinity":3,"s:7:12:13:Infinity":3,"s:16:0:35:Infinity":4,"f:16:25:16:Infinity":0,"s:18:22:18:Infinity":5,"b:19:8:21:Infinity:undefined:undefined:undefined:undefined":4,"s:19:8:21:Infinity":6,"s:20:12:20:Infinity":7,"b:22:8:24:Infinity:undefined:undefined:undefined:undefined":5,"s:22:8:24:Infinity":8,"b:22:12:22:26:22:26:22:63:22:63:22:97:22:97:22:127":6,"s:23:12:23:Infinity":9,"b:23:64:23:69:23:69:23:75":7,"s:26:21:26:Infinity":10,"b:26:21:26:39:26:39:26:Infinity":8,"b:27:8:29:Infinity:undefined:undefined:undefined:undefined":9,"s:27:8:29:Infinity":11,"b:27:12:27:26:27:26:27:60:27:60:27:92:27:92:27:98":10,"s:28:12:28:Infinity":12,"s:30:8:30:Infinity":13,"f:31:4:31:Infinity":1,"s:33:8:33:Infinity":14,"s:38:0:56:Infinity":15,"f:38:26:38:Infinity":2,"s:39:18:39:Infinity":16,"f:39:18:39:Infinity":3,"s:42:31:42:Infinity":17,"s:43:30:43:Infinity":18,"b:43:30:43:66:43:66:43:Infinity":11,"b:45:8:53:Infinity:undefined:undefined:undefined:undefined":12,"s:45:8:53:Infinity":19,"b:45:12:45:46:45:46:45:65:45:65:45:81":13,"s:46:12:46:Infinity":20,"s:47:12:47:Infinity":21,"s:48:12:48:Infinity":22,"b:50:12:52:Infinity:undefined:undefined:undefined:undefined":14,"s:50:12:52:Infinity":23,"b:50:16:50:52:50:52:50:91":15,"s:51:16:51:Infinity":24,"s:54:8:54:Infinity":25,"s:62:31:70:Infinity":26,"f:62:31:62:43":4,"s:63:4:69:Infinity":27,"s:64:25:64:Infinity":28,"s:65:8:65:Infinity":29,"s:67:8:67:Infinity":30,"s:68:8:68:Infinity":31,"s:73:35:76:Infinity":32,"f:73:35:73:42":5,"s:74:21:74:Infinity":33,"s:75:4:75:Infinity":34,"s:79:26:82:Infinity":35,"f:79:26:79:38":6,"s:80:21:80:Infinity":36,"s:81:4:81:Infinity":37,"s:85:31:88:Infinity":38,"f:85:31:85:38":7,"s:86:21:86:Infinity":39,"s:87:4:87:Infinity":40,"s:91:32:94:Infinity":41,"f:91:32:91:39":8,"s:92:21:92:Infinity":42,"s:93:4:93:Infinity":43}}}
,"C:\\Users\\Enduser\\.gemini\\antigravity\\scratch\\kmti-icad-hub\\frontend\\src\\services\\assessmentService.ts": {"path":"C:\\Users\\Enduser\\.gemini\\antigravity\\scratch\\kmti-icad-hub\\frontend\\src\\services\\assessmentService.ts","statementMap":{"0":{"start":{"line":28,"column":33},"end":{"line":163,"column":null}},"1":{"start":{"line":30,"column":25},"end":{"line":30,"column":null}},"2":{"start":{"line":31,"column":8},"end":{"line":31,"column":null}},"3":{"start":{"line":35,"column":25},"end":{"line":35,"column":null}},"4":{"start":{"line":36,"column":8},"end":{"line":36,"column":null}},"5":{"start":{"line":40,"column":25},"end":{"line":42,"column":null}},"6":{"start":{"line":43,"column":8},"end":{"line":43,"column":null}},"7":{"start":{"line":47,"column":8},"end":{"line":47,"column":null}},"8":{"start":{"line":51,"column":8},"end":{"line":51,"column":null}},"9":{"start":{"line":55,"column":25},"end":{"line":55,"column":null}},"10":{"start":{"line":56,"column":8},"end":{"line":56,"column":null}},"11":{"start":{"line":57,"column":25},"end":{"line":61,"column":null}},"12":{"start":{"line":62,"column":8},"end":{"line":62,"column":null}},"13":{"start":{"line":66,"column":25},"end":{"line":68,"column":null}},"14":{"start":{"line":69,"column":8},"end":{"line":69,"column":null}},"15":{"start":{"line":73,"column":25},"end":{"line":73,"column":null}},"16":{"start":{"line":74,"column":8},"end":{"line":74,"column":null}},"17":{"start":{"line":75,"column":8},"end":{"line":75,"column":null}},"18":{"start":{"line":75,"column":18},"end":{"line":75,"column":null}},"19":{"start":{"line":76,"column":8},"end":{"line":76,"column":null}},"20":{"start":{"line":76,"column":22},"end":{"line":76,"column":null}},"21":{"start":{"line":78,"column":25},"end":{"line":82,"column":null}},"22":{"start":{"line":83,"column":8},"end":{"line":83,"column":null}},"23":{"start":{"line":87,"column":25},"end":{"line":87,"column":null}},"24":{"start":{"line":88,"column":8},"end":{"line":88,"column":null}},"25":{"start":{"line":89,"column":25},"end":{"line":93,"column":null}},"26":{"start":{"line":94,"column":8},"end":{"line":94,"column":null}},"27":{"start":{"line":99,"column":25},"end":{"line":99,"column":null}},"28":{"start":{"line":100,"column":8},"end":{"line":100,"column":null}},"29":{"start":{"line":104,"column":25},"end":{"line":104,"column":null}},"30":{"start":{"line":105,"column":8},"end":{"line":105,"column":null}},"31":{"start":{"line":106,"column":8},"end":{"line":106,"column":null}},"32":{"start":{"line":107,"column":8},"end":{"line":107,"column":null}},"33":{"start":{"line":108,"column":8},"end":{"line":108,"column":null}},"34":{"start":{"line":108,"column":34},"end":{"line":108,"column":null}},"35":{"start":{"line":109,"column":8},"end":{"line":109,"column":null}},"36":{"start":{"line":111,"column":25},"end":{"line":113,"column":null}},"37":{"start":{"line":114,"column":8},"end":{"line":114,"column":null}},"38":{"start":{"line":118,"column":25},"end":{"line":118,"column":null}},"39":{"start":{"line":119,"column":8},"end":{"line":119,"column":null}},"40":{"start":{"line":120,"column":8},"end":{"line":122,"column":null}},"41":{"start":{"line":121,"column":12},"end":{"line":121,"column":null}},"42":{"start":{"line":124,"column":25},"end":{"line":126,"column":null}},"43":{"start":{"line":127,"column":8},"end":{"line":127,"column":null}},"44":{"start":{"line":131,"column":25},"end":{"line":131,"column":null}},"45":{"start":{"line":132,"column":8},"end":{"line":132,"column":null}},"46":{"start":{"line":136,"column":25},"end":{"line":136,"column":null}},"47":{"start":{"line":137,"column":8},"end":{"line":137,"column":null}},"48":{"start":{"line":141,"column":25},"end":{"line":141,"column":null}},"49":{"start":{"line":142,"column":8},"end":{"line":142,"column":null}},"50":{"start":{"line":146,"column":25},"end":{"line":146,"column":null}},"51":{"start":{"line":147,"column":8},"end":{"line":147,"column":null}},"52":{"start":{"line":148,"column":8},"end":{"line":148,"column":null}},"53":{"start":{"line":149,"column":8},"end":{"line":149,"column":null}},"54":{"start":{"line":150,"column":8},"end":{"line":150,"column":null}},"55":{"start":{"line":150,"column":34},"end":{"line":150,"column":null}},"56":{"start":{"line":151,"column":8},"end":{"line":151,"column":null}},"57":{"start":{"line":151,"column":18},"end":{"line":151,"column":null}},"58":{"start":{"line":153,"column":25},"end":{"line":155,"column":null}},"59":{"start":{"line":156,"column":8},"end":{"line":156,"column":null}},"60":{"start":{"line":160,"column":25},"end":{"line":160,"column":null}},"61":{"start":{"line":161,"column":8},"end":{"line":161,"column":null}}},"fnMap":{"0":{"name":"(anonymous_0)","decl":{"start":{"line":29,"column":14},"end":{"line":29,"column":53}},"loc":{"start":{"line":29,"column":53},"end":{"line":32,"column":null}},"line":29},"1":{"name":"(anonymous_1)","decl":{"start":{"line":34,"column":22},"end":{"line":34,"column":67}},"loc":{"start":{"line":34,"column":67},"end":{"line":37,"column":null}},"line":34},"2":{"name":"(anonymous_2)","decl":{"start":{"line":39,"column":23},"end":{"line":39,"column":30}},"loc":{"start":{"line":39,"column":64},"end":{"line":44,"column":null}},"line":39},"3":{"name":"(anonymous_3)","decl":{"start":{"line":46,"column":4},"end":{"line":46,"column":21}},"loc":{"start":{"line":46,"column":48},"end":{"line":48,"column":null}},"line":46},"4":{"name":"(anonymous_4)","decl":{"start":{"line":50,"column":4},"end":{"line":50,"column":29}},"loc":{"start":{"line":50,"column":60},"end":{"line":52,"column":null}},"line":50},"5":{"name":"(anonymous_5)","decl":{"start":{"line":54,"column":16},"end":{"line":54,"column":23}},"loc":{"start":{"line":54,"column":85},"end":{"line":63,"column":null}},"line":54},"6":{"name":"(anonymous_6)","decl":{"start":{"line":65,"column":27},"end":{"line":65,"column":34}},"loc":{"start":{"line":65,"column":98},"end":{"line":70,"column":null}},"line":65},"7":{"name":"(anonymous_7)","decl":{"start":{"line":72,"column":21},"end":{"line":72,"column":28}},"loc":{"start":{"line":72,"column":118},"end":{"line":84,"column":null}},"line":72},"8":{"name":"(anonymous_8)","decl":{"start":{"line":86,"column":21},"end":{"line":86,"column":28}},"loc":{"start":{"line":86,"column":66},"end":{"line":95,"column":null}},"line":86},"9":{"name":"(anonymous_9)","decl":{"start":{"line":98,"column":24},"end":{"line":98,"column":36}},"loc":{"start":{"line":98,"column":36},"end":{"line":101,"column":null}},"line":98},"10":{"name":"(anonymous_10)","decl":{"start":{"line":103,"column":16},"end":{"line":103,"column":23}},"loc":{"start":{"line":103,"column":53},"end":{"line":115,"column":null}},"line":103},"11":{"name":"(anonymous_11)","decl":{"start":{"line":117,"column":21},"end":{"line":117,"column":28}},"loc":{"start":{"line":117,"column":65},"end":{"line":128,"column":null}},"line":117},"12":{"name":"(anonymous_12)","decl":{"start":{"line":120,"column":14},"end":{"line":120,"column":22}},"loc":{"start":{"line":120,"column":30},"end":{"line":122,"column":9}},"line":120},"13":{"name":"(anonymous_13)","decl":{"start":{"line":130,"column":19},"end":{"line":130,"column":26}},"loc":{"start":{"line":130,"column":82},"end":{"line":133,"column":null}},"line":130},"14":{"name":"(anonymous_14)","decl":{"start":{"line":135,"column":16},"end":{"line":135,"column":23}},"loc":{"start":{"line":135,"column":42},"end":{"line":138,"column":null}},"line":135},"15":{"name":"(anonymous_15)","decl":{"start":{"line":140,"column":19},"end":{"line":140,"column":26}},"loc":{"start":{"line":140,"column":48},"end":{"line":143,"column":null}},"line":140},"16":{"name":"(anonymous_16)","decl":{"start":{"line":145,"column":16},"end":{"line":145,"column":23}},"loc":{"start":{"line":145,"column":70},"end":{"line":157,"column":null}},"line":145},"17":{"name":"(anonymous_17)","decl":{"start":{"line":159,"column":22},"end":{"line":159,"column":29}},"loc":{"start":{"line":159,"column":54},"end":{"line":162,"column":null}},"line":159}},"branchMap":{"0":{"loc":{"start":{"line":65,"column":34},"end":{"line":65,"column":98}},"type":"default-arg","locations":[{"start":{"line":65,"column":51},"end":{"line":65,"column":98}}],"line":65},"1":{"loc":{"start":{"line":75,"column":8},"end":{"line":75,"column":null}},"type":"if","locations":[{"start":{"line":75,"column":8},"end":{"line":75,"column":null}},{"start":{},"end":{}}],"line":75},"2":{"loc":{"start":{"line":76,"column":8},"end":{"line":76,"column":null}},"type":"if","locations":[{"start":{"line":76,"column":8},"end":{"line":76,"column":null}},{"start":{},"end":{}}],"line":76},"3":{"loc":{"start":{"line":108,"column":8},"end":{"line":108,"column":null}},"type":"if","locations":[{"start":{"line":108,"column":8},"end":{"line":108,"column":null}},{"start":{},"end":{}}],"line":108},"4":{"loc":{"start":{"line":150,"column":8},"end":{"line":150,"column":null}},"type":"if","locations":[{"start":{"line":150,"column":8},"end":{"line":150,"column":null}},{"start":{},"end":{}}],"line":150},"5":{"loc":{"start":{"line":151,"column":8},"end":{"line":151,"column":null}},"type":"if","locations":[{"start":{"line":151,"column":8},"end":{"line":151,"column":null}},{"start":{},"end":{}}],"line":151}},"s":{"0":1,"1":2,"2":2,"3":2,"4":2,"5":0,"6":0,"7":1,"8":1,"9":0,"10":0,"11":0,"12":0,"13":0,"14":0,"15":0,"16":0,"17":0,"18":0,"19":0,"20":0,"21":0,"22":0,"23":0,"24":0,"25":0,"26":0,"27":0,"28":0,"29":0,"30":0,"31":0,"32":0,"33":0,"34":0,"35":0,"36":0,"37":0,"38":0,"39":0,"40":0,"41":0,"42":0,"43":0,"44":1,"45":1,"46":1,"47":1,"48":0,"49":0,"50":0,"51":0,"52":0,"53":0,"54":0,"55":0,"56":0,"57":0,"58":0,"59":0,"60":2,"61":1},"f":{"0":2,"1":2,"2":0,"3":1,"4":1,"5":0,"6":0,"7":0,"8":0,"9":0,"10":0,"11":0,"12":0,"13":1,"14":1,"15":0,"16":0,"17":2},"b":{"0":[0],"1":[0,0],"2":[0,0],"3":[0,0],"4":[0,0],"5":[0,0]},"meta":{"lastBranch":6,"lastFunction":18,"lastStatement":62,"seen":{"s:28:33:163:Infinity":0,"f:29:14:29:53":0,"s:30:25:30:Infinity":1,"s:31:8:31:Infinity":2,"f:34:22:34:67":1,"s:35:25:35:Infinity":3,"s:36:8:36:Infinity":4,"f:39:23:39:30":2,"s:40:25:42:Infinity":5,"s:43:8:43:Infinity":6,"f:46:4:46:21":3,"s:47:8:47:Infinity":7,"f:50:4:50:29":4,"s:51:8:51:Infinity":8,"f:54:16:54:23":5,"s:55:25:55:Infinity":9,"s:56:8:56:Infinity":10,"s:57:25:61:Infinity":11,"s:62:8:62:Infinity":12,"f:65:27:65:34":6,"b:65:51:65:98":0,"s:66:25:68:Infinity":13,"s:69:8:69:Infinity":14,"f:72:21:72:28":7,"s:73:25:73:Infinity":15,"s:74:8:74:Infinity":16,"b:75:8:75:Infinity:undefined:undefined:undefined:undefined":1,"s:75:8:75:Infinity":17,"s:75:18:75:Infinity":18,"b:76:8:76:Infinity:undefined:undefined:undefined:undefined":2,"s:76:8:76:Infinity":19,"s:76:22:76:Infinity":20,"s:78:25:82:Infinity":21,"s:83:8:83:Infinity":22,"f:86:21:86:28":8,"s:87:25:87:Infinity":23,"s:88:8:88:Infinity":24,"s:89:25:93:Infinity":25,"s:94:8:94:Infinity":26,"f:98:24:98:36":9,"s:99:25:99:Infinity":27,"s:100:8:100:Infinity":28,"f:103:16:103:23":10,"s:104:25:104:Infinity":29,"s:105:8:105:Infinity":30,"s:106:8:106:Infinity":31,"s:107:8:107:Infinity":32,"b:108:8:108:Infinity:undefined:undefined:undefined:undefined":3,"s:108:8:108:Infinity":33,"s:108:34:108:Infinity":34,"s:109:8:109:Infinity":35,"s:111:25:113:Infinity":36,"s:114:8:114:Infinity":37,"f:117:21:117:28":11,"s:118:25:118:Infinity":38,"s:119:8:119:Infinity":39,"s:120:8:122:Infinity":40,"f:120:14:120:22":12,"s:121:12:121:Infinity":41,"s:124:25:126:Infinity":42,"s:127:8:127:Infinity":43,"f:130:19:130:26":13,"s:131:25:131:Infinity":44,"s:132:8:132:Infinity":45,"f:135:16:135:23":14,"s:136:25:136:Infinity":46,"s:137:8:137:Infinity":47,"f:140:19:140:26":15,"s:141:25:141:Infinity":48,"s:142:8:142:Infinity":49,"f:145:16:145:23":16,"s:146:25:146:Infinity":50,"s:147:8:147:Infinity":51,"s:148:8:148:Infinity":52,"s:149:8:149:Infinity":53,"b:150:8:150:Infinity:undefined:undefined:undefined:undefined":4,"s:150:8:150:Infinity":54,"s:150:34:150:Infinity":55,"b:151:8:151:Infinity:undefined:undefined:undefined:undefined":5,"s:151:8:151:Infinity":56,"s:151:18:151:Infinity":57,"s:153:25:155:Infinity":58,"s:156:8:156:Infinity":59,"f:159:22:159:29":17,"s:160:25:160:Infinity":60,"s:161:8:161:Infinity":61}}}
,"C:\\Users\\Enduser\\.gemini\\antigravity\\scratch\\kmti-icad-hub\\frontend\\src\\services\\authService.ts": {"path":"C:\\Users\\Enduser\\.gemini\\antigravity\\scratch\\kmti-icad-hub\\frontend\\src\\services\\authService.ts","statementMap":{"0":{"start":{"line":3,"column":19},"end":{"line":3,"column":null}},"1":{"start":{"line":4,"column":20},"end":{"line":4,"column":null}},"2":{"start":{"line":5,"column":22},"end":{"line":5,"column":null}},"3":{"start":{"line":41,"column":16},"end":{"line":47,"column":null}},"4":{"start":{"line":50,"column":0},"end":{"line":67,"column":null}},"5":{"start":{"line":51,"column":18},"end":{"line":51,"column":null}},"6":{"start":{"line":52,"column":4},"end":{"line":54,"column":null}},"7":{"start":{"line":53,"column":8},"end":{"line":53,"column":null}},"8":{"start":{"line":57,"column":14},"end":{"line":57,"column":null}},"9":{"start":{"line":58,"column":4},"end":{"line":64,"column":null}},"10":{"start":{"line":59,"column":8},"end":{"line":61,"column":null}},"11":{"start":{"line":60,"column":12},"end":{"line":60,"column":null}},"12":{"start":{"line":62,"column":21},"end":{"line":62,"column":null}},"13":{"start":{"line":63,"column":8},"end":{"line":63,"column":null}},"14":{"start":{"line":65,"column":4},"end":{"line":65,"column":null}},"15":{"start":{"line":66,"column":4},"end":{"line":66,"column":null}},"16":{"start":{"line":70,"column":0},"end":{"line":89,"column":null}},"17":{"start":{"line":71,"column":18},"end":{"line":71,"column":null}},"18":{"start":{"line":75,"column":31},"end":{"line":75,"column":null}},"19":{"start":{"line":76,"column":30},"end":{"line":76,"column":null}},"20":{"start":{"line":78,"column":8},"end":{"line":86,"column":null}},"21":{"start":{"line":79,"column":12},"end":{"line":79,"column":null}},"22":{"start":{"line":80,"column":12},"end":{"line":80,"column":null}},"23":{"start":{"line":81,"column":12},"end":{"line":81,"column":null}},"24":{"start":{"line":83,"column":12},"end":{"line":85,"column":null}},"25":{"start":{"line":84,"column":16},"end":{"line":84,"column":null}},"26":{"start":{"line":87,"column":8},"end":{"line":87,"column":null}},"27":{"start":{"line":91,"column":27},"end":{"line":207,"column":null}},"28":{"start":{"line":96,"column":25},"end":{"line":96,"column":null}},"29":{"start":{"line":97,"column":8},"end":{"line":97,"column":null}},"30":{"start":{"line":98,"column":8},"end":{"line":98,"column":null}},"31":{"start":{"line":99,"column":8},"end":{"line":99,"column":null}},"32":{"start":{"line":106,"column":25},"end":{"line":106,"column":null}},"33":{"start":{"line":107,"column":8},"end":{"line":107,"column":null}},"34":{"start":{"line":114,"column":25},"end":{"line":114,"column":null}},"35":{"start":{"line":115,"column":8},"end":{"line":115,"column":null}},"36":{"start":{"line":116,"column":8},"end":{"line":116,"column":null}},"37":{"start":{"line":123,"column":25},"end":{"line":125,"column":null}},"38":{"start":{"line":126,"column":8},"end":{"line":126,"column":null}},"39":{"start":{"line":133,"column":25},"end":{"line":133,"column":null}},"40":{"start":{"line":134,"column":8},"end":{"line":134,"column":null}},"41":{"start":{"line":141,"column":25},"end":{"line":141,"column":null}},"42":{"start":{"line":142,"column":8},"end":{"line":142,"column":null}},"43":{"start":{"line":149,"column":25},"end":{"line":149,"column":null}},"44":{"start":{"line":150,"column":8},"end":{"line":150,"column":null}},"45":{"start":{"line":157,"column":25},"end":{"line":157,"column":null}},"46":{"start":{"line":158,"column":8},"end":{"line":158,"column":null}},"47":{"start":{"line":166,"column":8},"end":{"line":170,"column":null}},"48":{"start":{"line":167,"column":12},"end":{"line":169,"column":null}},"49":{"start":{"line":168,"column":16},"end":{"line":168,"column":null}},"50":{"start":{"line":172,"column":8},"end":{"line":172,"column":null}},"51":{"start":{"line":173,"column":8},"end":{"line":173,"column":null}},"52":{"start":{"line":174,"column":8},"end":{"line":174,"column":null}},"53":{"start":{"line":181,"column":21},"end":{"line":181,"column":null}},"54":{"start":{"line":182,"column":20},"end":{"line":182,"column":null}},"55":{"start":{"line":183,"column":8},"end":{"line":183,"column":null}},"56":{"start":{"line":190,"column":8},"end":{"line":190,"column":null}},"57":{"start":{"line":197,"column":21},"end":{"line":197,"column":null}},"58":{"start":{"line":198,"column":8},"end":{"line":198,"column":null}},"59":{"start":{"line":205,"column":8},"end":{"line":205,"column":null}}},"fnMap":{"0":{"name":"(anonymous_0)","decl":{"start":{"line":50,"column":29},"end":{"line":50,"column":34}},"loc":{"start":{"line":50,"column":45},"end":{"line":67,"column":1}},"line":50},"1":{"name":"(anonymous_1)","decl":{"start":{"line":70,"column":30},"end":{"line":70,"column":null}},"loc":{"start":{"line":71,"column":18},"end":{"line":71,"column":null}},"line":71},"2":{"name":"(anonymous_2)","decl":{"start":{"line":71,"column":18},"end":{"line":71,"column":null}},"loc":{"start":{"line":72,"column":15},"end":{"line":88,"column":null}},"line":72},"3":{"name":"login","decl":{"start":{"line":95,"column":10},"end":{"line":95,"column":16}},"loc":{"start":{"line":95,"column":71},"end":{"line":100,"column":null}},"line":95},"4":{"name":"register","decl":{"start":{"line":105,"column":10},"end":{"line":105,"column":19}},"loc":{"start":{"line":105,"column":54},"end":{"line":108,"column":null}},"line":105},"5":{"name":"getCurrentUser","decl":{"start":{"line":113,"column":10},"end":{"line":113,"column":42}},"loc":{"start":{"line":113,"column":42},"end":{"line":117,"column":null}},"line":113},"6":{"name":"forgotPassword","decl":{"start":{"line":122,"column":10},"end":{"line":122,"column":25}},"loc":{"start":{"line":122,"column":80},"end":{"line":127,"column":null}},"line":122},"7":{"name":"getUsers","decl":{"start":{"line":132,"column":10},"end":{"line":132,"column":38}},"loc":{"start":{"line":132,"column":38},"end":{"line":135,"column":null}},"line":132},"8":{"name":"toggleUserStatus","decl":{"start":{"line":140,"column":10},"end":{"line":140,"column":27}},"loc":{"start":{"line":140,"column":106},"end":{"line":143,"column":null}},"line":140},"9":{"name":"getLessonProgress","decl":{"start":{"line":148,"column":10},"end":{"line":148,"column":28}},"loc":{"start":{"line":148,"column":63},"end":{"line":151,"column":null}},"line":148},"10":{"name":"submitQuiz","decl":{"start":{"line":156,"column":10},"end":{"line":156,"column":21}},"loc":{"start":{"line":156,"column":98},"end":{"line":159,"column":null}},"line":156},"11":{"name":"logout","decl":{"start":{"line":164,"column":4},"end":{"line":164,"column":13}},"loc":{"start":{"line":164,"column":13},"end":{"line":175,"column":null}},"line":164},"12":{"name":"(anonymous_12)","decl":{"start":{"line":166,"column":34},"end":{"line":166,"column":42}},"loc":{"start":{"line":166,"column":49},"end":{"line":170,"column":9}},"line":166},"13":{"name":"getStorageKey","decl":{"start":{"line":180,"column":4},"end":{"line":180,"column":18}},"loc":{"start":{"line":180,"column":43},"end":{"line":184,"column":null}},"line":180},"14":{"name":"isAuthenticated","decl":{"start":{"line":189,"column":4},"end":{"line":189,"column":31}},"loc":{"start":{"line":189,"column":31},"end":{"line":191,"column":null}},"line":189},"15":{"name":"getStoredUser","decl":{"start":{"line":196,"column":4},"end":{"line":196,"column":33}},"loc":{"start":{"line":196,"column":33},"end":{"line":199,"column":null}},"line":196},"16":{"name":"getToken","decl":{"start":{"line":204,"column":4},"end":{"line":204,"column":30}},"loc":{"start":{"line":204,"column":30},"end":{"line":206,"column":null}},"line":204}},"branchMap":{"0":{"loc":{"start":{"line":4,"column":20},"end":{"line":4,"column":null}},"type":"cond-expr","locations":[{"start":{"line":4,"column":33},"end":{"line":4,"column":48}},{"start":{"line":4,"column":48},"end":{"line":4,"column":null}}],"line":4},"1":{"loc":{"start":{"line":4,"column":48},"end":{"line":4,"column":null}},"type":"cond-expr","locations":[{"start":{"line":4,"column":127},"end":{"line":4,"column":154}},{"start":{"line":4,"column":154},"end":{"line":4,"column":null}}],"line":4},"2":{"loc":{"start":{"line":4,"column":48},"end":{"line":4,"column":127}},"type":"binary-expr","locations":[{"start":{"line":4,"column":48},"end":{"line":4,"column":81}},{"start":{"line":4,"column":81},"end":{"line":4,"column":100}},{"start":{"line":4,"column":100},"end":{"line":4,"column":127}}],"line":4},"3":{"loc":{"start":{"line":5,"column":22},"end":{"line":5,"column":null}},"type":"binary-expr","locations":[{"start":{"line":5,"column":22},"end":{"line":5,"column":64}},{"start":{"line":5,"column":64},"end":{"line":5,"column":97}},{"start":{"line":5,"column":97},"end":{"line":5,"column":null}}],"line":5},"4":{"loc":{"start":{"line":52,"column":4},"end":{"line":54,"column":null}},"type":"if","locations":[{"start":{"line":52,"column":4},"end":{"line":54,"column":null}},{"start":{},"end":{}}],"line":52},"5":{"loc":{"start":{"line":57,"column":14},"end":{"line":57,"column":null}},"type":"binary-expr","locations":[{"start":{"line":57,"column":14},"end":{"line":57,"column":28}},{"start":{"line":57,"column":28},"end":{"line":57,"column":null}}],"line":57},"6":{"loc":{"start":{"line":58,"column":4},"end":{"line":64,"column":null}},"type":"if","locations":[{"start":{"line":58,"column":4},"end":{"line":64,"column":null}},{"start":{},"end":{}}],"line":58},"7":{"loc":{"start":{"line":58,"column":8},"end":{"line":58,"column":58}},"type":"binary-expr","locations":[{"start":{"line":58,"column":8},"end":{"line":58,"column":35}},{"start":{"line":58,"column":35},"end":{"line":58,"column":58}}],"line":58},"8":{"loc":{"start":{"line":59,"column":8},"end":{"line":61,"column":null}},"type":"if","locations":[{"start":{"line":59,"column":8},"end":{"line":61,"column":null}},{"start":{},"end":{}}],"line":59},"9":{"loc":{"start":{"line":60,"column":28},"end":{"line":60,"column":61}},"type":"cond-expr","locations":[{"start":{"line":60,"column":50},"end":{"line":60,"column":55}},{"start":{"line":60,"column":55},"end":{"line":60,"column":61}}],"line":60},"10":{"loc":{"start":{"line":62,"column":21},"end":{"line":62,"column":null}},"type":"binary-expr","locations":[{"start":{"line":62,"column":21},"end":{"line":62,"column":39}},{"start":{"line":62,"column":39},"end":{"line":62,"column":null}}],"line":62},"11":{"loc":{"start":{"line":76,"column":30},"end":{"line":76,"column":null}},"type":"binary-expr","locations":[{"start":{"line":76,"column":30},"end":{"line":76,"column":66}},{"start":{"line":76,"column":66},"end":{"line":76,"column":null}}],"line":76},"12":{"loc":{"start":{"line":78,"column":8},"end":{"line":86,"column":null}},"type":"if","locations":[{"start":{"line":78,"column":8},"end":{"line":86,"column":null}},{"start":{},"end":{}}],"line":78},"13":{"loc":{"start":{"line":78,"column":12},"end":{"line":78,"column":81}},"type":"binary-expr","locations":[{"start":{"line":78,"column":12},"end":{"line":78,"column":46}},{"start":{"line":78,"column":46},"end":{"line":78,"column":65}},{"start":{"line":78,"column":65},"end":{"line":78,"column":81}}],"line":78},"14":{"loc":{"start":{"line":83,"column":12},"end":{"line":85,"column":null}},"type":"if","locations":[{"start":{"line":83,"column":12},"end":{"line":85,"column":null}},{"start":{},"end":{}}],"line":83},"15":{"loc":{"start":{"line":83,"column":16},"end":{"line":83,"column":91}},"type":"binary-expr","locations":[{"start":{"line":83,"column":16},"end":{"line":83,"column":52}},{"start":{"line":83,"column":52},"end":{"line":83,"column":91}}],"line":83},"16":{"loc":{"start":{"line":167,"column":12},"end":{"line":169,"column":null}},"type":"if","locations":[{"start":{"line":167,"column":12},"end":{"line":169,"column":null}},{"start":{},"end":{}}],"line":167},"17":{"loc":{"start":{"line":167,"column":16},"end":{"line":167,"column":106}},"type":"binary-expr","locations":[{"start":{"line":167,"column":16},"end":{"line":167,"column":43}},{"start":{"line":167,"column":43},"end":{"line":167,"column":75}},{"start":{"line":167,"column":75},"end":{"line":167,"column":106}}],"line":167},"18":{"loc":{"start":{"line":182,"column":20},"end":{"line":182,"column":null}},"type":"binary-expr","locations":[{"start":{"line":182,"column":20},"end":{"line":182,"column":32}},{"start":{"line":182,"column":32},"end":{"line":182,"column":null}}],"line":182},"19":{"loc":{"start":{"line":198,"column":15},"end":{"line":198,"column":null}},"type":"cond-expr","locations":[{"start":{"line":198,"column":22},"end":{"line":198,"column":41}},{"start":{"line":198,"column":41},"end":{"line":198,"column":null}}],"line":198}},"s":{"0":2,"1":2,"2":2,"3":2,"4":2,"5":8,"6":8,"7":3,"8":8,"9":8,"10":8,"11":8,"12":8,"13":8,"14":8,"15":8,"16":2,"17":6,"18":2,"19":2,"20":2,"21":0,"22":0,"23":0,"24":0,"25":0,"26":2,"27":2,"28":5,"29":3,"30":3,"31":3,"32":0,"33":0,"34":1,"35":1,"36":1,"37":0,"38":0,"39":0,"40":0,"41":0,"42":0,"43":0,"44":0,"45":2,"46":2,"47":3,"48":2,"49":1,"50":3,"51":3,"52":3,"53":2,"54":2,"55":2,"56":2,"57":4,"58":4,"59":2},"f":{"0":8,"1":6,"2":2,"3":5,"4":0,"5":1,"6":0,"7":0,"8":0,"9":0,"10":2,"11":3,"12":2,"13":2,"14":2,"15":4,"16":2},"b":{"0":[0,2],"1":[2,0],"2":[2,2,2],"3":[2,2,2],"4":[3,5],"5":[8,0],"6":[8,0],"7":[8,8],"8":[8,0],"9":[8,0],"10":[8,0],"11":[2,0],"12":[0,2],"13":[2,2,0],"14":[0,0],"15":[0,0],"16":[1,1],"17":[2,1,1],"18":[2,1],"19":[2,2]},"meta":{"lastBranch":20,"lastFunction":17,"lastStatement":60,"seen":{"s:3:19:3:Infinity":0,"s:4:20:4:Infinity":1,"b:4:33:4:48:4:48:4:Infinity":0,"b:4:127:4:154:4:154:4:Infinity":1,"b:4:48:4:81:4:81:4:100:4:100:4:127":2,"s:5:22:5:Infinity":2,"b:5:22:5:64:5:64:5:97:5:97:5:Infinity":3,"s:41:16:47:Infinity":3,"s:50:0:67:Infinity":4,"f:50:29:50:34":0,"s:51:18:51:Infinity":5,"b:52:4:54:Infinity:undefined:undefined:undefined:undefined":4,"s:52:4:54:Infinity":6,"s:53:8:53:Infinity":7,"s:57:14:57:Infinity":8,"b:57:14:57:28:57:28:57:Infinity":5,"b:58:4:64:Infinity:undefined:undefined:undefined:undefined":6,"s:58:4:64:Infinity":9,"b:58:8:58:35:58:35:58:58":7,"b:59:8:61:Infinity:undefined:undefined:undefined:undefined":8,"s:59:8:61:Infinity":10,"s:60:12:60:Infinity":11,"b:60:50:60:55:60:55:60:61":9,"s:62:21:62:Infinity":12,"b:62:21:62:39:62:39:62:Infinity":10,"s:63:8:63:Infinity":13,"s:65:4:65:Infinity":14,"s:66:4:66:Infinity":15,"s:70:0:89:Infinity":16,"f:70:30:70:Infinity":1,"s:71:18:71:Infinity":17,"f:71:18:71:Infinity":2,"s:75:31:75:Infinity":18,"s:76:30:76:Infinity":19,"b:76:30:76:66:76:66:76:Infinity":11,"b:78:8:86:Infinity:undefined:undefined:undefined:undefined":12,"s:78:8:86:Infinity":20,"b:78:12:78:46:78:46:78:65:78:65:78:81":13,"s:79:12:79:Infinity":21,"s:80:12:80:Infinity":22,"s:81:12:81:Infinity":23,"b:83:12:85:Infinity:undefined:undefined:undefined:undefined":14,"s:83:12:85:Infinity":24,"b:83:16:83:52:83:52:83:91":15,"s:84:16:84:Infinity":25,"s:87:8:87:Infinity":26,"s:91:27:207:Infinity":27,"f:95:10:95:16":3,"s:96:25:96:Infinity":28,"s:97:8:97:Infinity":29,"s:98:8:98:Infinity":30,"s:99:8:99:Infinity":31,"f:105:10:105:19":4,"s:106:25:106:Infinity":32,"s:107:8:107:Infinity":33,"f:113:10:113:42":5,"s:114:25:114:Infinity":34,"s:115:8:115:Infinity":35,"s:116:8:116:Infinity":36,"f:122:10:122:25":6,"s:123:25:125:Infinity":37,"s:126:8:126:Infinity":38,"f:132:10:132:38":7,"s:133:25:133:Infinity":39,"s:134:8:134:Infinity":40,"f:140:10:140:27":8,"s:141:25:141:Infinity":41,"s:142:8:142:Infinity":42,"f:148:10:148:28":9,"s:149:25:149:Infinity":43,"s:150:8:150:Infinity":44,"f:156:10:156:21":10,"s:157:25:157:Infinity":45,"s:158:8:158:Infinity":46,"f:164:4:164:13":11,"s:166:8:170:Infinity":47,"f:166:34:166:42":12,"b:167:12:169:Infinity:undefined:undefined:undefined:undefined":16,"s:167:12:169:Infinity":48,"b:167:16:167:43:167:43:167:75:167:75:167:106":17,"s:168:16:168:Infinity":49,"s:172:8:172:Infinity":50,"s:173:8:173:Infinity":51,"s:174:8:174:Infinity":52,"f:180:4:180:18":13,"s:181:21:181:Infinity":53,"s:182:20:182:Infinity":54,"b:182:20:182:32:182:32:182:Infinity":18,"s:183:8:183:Infinity":55,"f:189:4:189:31":14,"s:190:8:190:Infinity":56,"f:196:4:196:33":15,"s:197:21:197:Infinity":57,"s:198:8:198:Infinity":58,"b:198:22:198:41:198:41:198:Infinity":19,"f:204:4:204:30":16,"s:205:8:205:Infinity":59}}}
,"C:\\Users\\Enduser\\.gemini\\antigravity\\scratch\\kmti-icad-hub\\frontend\\src\\views\\LoginView.tsx": {"path":"C:\\Users\\Enduser\\.gemini\\antigravity\\scratch\\kmti-icad-hub\\frontend\\src\\views\\LoginView.tsx","statementMap":{"0":{"start":{"line":9,"column":13},"end":{"line":167,"column":null}},"1":{"start":{"line":10,"column":32},"end":{"line":10,"column":null}},"2":{"start":{"line":11,"column":10},"end":{"line":11,"column":null}},"3":{"start":{"line":12,"column":21},"end":{"line":12,"column":78}},"4":{"start":{"line":12,"column":97},"end":{"line":12,"column":null}},"5":{"start":{"line":13,"column":25},"end":{"line":13,"column":61}},"6":{"start":{"line":13,"column":80},"end":{"line":13,"column":null}},"7":{"start":{"line":16,"column":36},"end":{"line":16,"column":83}},"8":{"start":{"line":16,"column":111},"end":{"line":16,"column":null}},"9":{"start":{"line":17,"column":34},"end":{"line":17,"column":76}},"10":{"start":{"line":17,"column":111},"end":{"line":17,"column":null}},"11":{"start":{"line":20,"column":4},"end":{"line":26,"column":null}},"12":{"start":{"line":21,"column":31},"end":{"line":21,"column":null}},"13":{"start":{"line":22,"column":8},"end":{"line":25,"column":null}},"14":{"start":{"line":23,"column":12},"end":{"line":23,"column":null}},"15":{"start":{"line":23,"column":33},"end":{"line":23,"column":71}},"16":{"start":{"line":24,"column":12},"end":{"line":24,"column":null}},"17":{"start":{"line":28,"column":10},"end":{"line":35,"column":null}},"18":{"start":{"line":29,"column":32},"end":{"line":29,"column":null}},"19":{"start":{"line":30,"column":8},"end":{"line":33,"column":null}},"20":{"start":{"line":30,"column":29},"end":{"line":33,"column":10}},"21":{"start":{"line":34,"column":8},"end":{"line":34,"column":null}},"22":{"start":{"line":34,"column":24},"end":{"line":34,"column":null}},"23":{"start":{"line":37,"column":25},"end":{"line":67,"column":null}},"24":{"start":{"line":38,"column":8},"end":{"line":38,"column":null}},"25":{"start":{"line":39,"column":8},"end":{"line":39,"column":null}},"26":{"start":{"line":41,"column":8},"end":{"line":44,"column":null}},"27":{"start":{"line":42,"column":12},"end":{"line":42,"column":null}},"28":{"start":{"line":43,"column":12},"end":{"line":43,"column":null}},"29":{"start":{"line":46,"column":8},"end":{"line":66,"column":null}},"30":{"start":{"line":48,"column":12},"end":{"line":52,"column":null}},"31":{"start":{"line":49,"column":16},"end":{"line":49,"column":null}},"32":{"start":{"line":51,"column":16},"end":{"line":51,"column":null}},"33":{"start":{"line":54,"column":12},"end":{"line":58,"column":null}},"34":{"start":{"line":60,"column":12},"end":{"line":62,"column":null}},"35":{"start":{"line":61,"column":16},"end":{"line":61,"column":null}},"36":{"start":{"line":63,"column":12},"end":{"line":63,"column":null}},"37":{"start":{"line":65,"column":12},"end":{"line":65,"column":null}},"38":{"start":{"line":69,"column":10},"end":{"line":73,"column":null}},"39":{"start":{"line":70,"column":8},"end":{"line":70,"column":null}},"40":{"start":{"line":71,"column":8},"end":{"line":71,"column":null}},"41":{"start":{"line":72,"column":8},"end":{"line":72,"column":null}},"42":{"start":{"line":75,"column":10},"end":{"line":79,"column":null}},"43":{"start":{"line":76,"column":8},"end":{"line":76,"column":null}},"44":{"start":{"line":77,"column":8},"end":{"line":77,"column":null}},"45":{"start":{"line":78,"column":8},"end":{"line":78,"column":null}},"46":{"start":{"line":81,"column":39},"end":{"line":97,"column":null}},"47":{"start":{"line":82,"column":8},"end":{"line":82,"column":null}},"48":{"start":{"line":82,"column":41},"end":{"line":82,"column":null}},"49":{"start":{"line":84,"column":8},"end":{"line":84,"column":null}},"50":{"start":{"line":85,"column":8},"end":{"line":96,"column":null}},"51":{"start":{"line":86,"column":29},"end":{"line":86,"column":null}},"52":{"start":{"line":87,"column":12},"end":{"line":87,"column":null}},"53":{"start":{"line":89,"column":12},"end":{"line":91,"column":null}},"54":{"start":{"line":90,"column":16},"end":{"line":90,"column":null}},"55":{"start":{"line":93,"column":12},"end":{"line":93,"column":null}},"56":{"start":{"line":95,"column":12},"end":{"line":95,"column":null}},"57":{"start":{"line":99,"column":4},"end":{"line":165,"column":null}},"58":{"start":{"line":127,"column":97},"end":{"line":127,"column":null}},"59":{"start":{"line":145,"column":67},"end":{"line":145,"column":null}},"60":{"start":{"line":150,"column":106},"end":{"line":150,"column":null}}},"fnMap":{"0":{"name":"(anonymous_0)","decl":{"start":{"line":9,"column":13},"end":{"line":9,"column":41}},"loc":{"start":{"line":9,"column":41},"end":{"line":167,"column":null}},"line":9},"1":{"name":"(anonymous_1)","decl":{"start":{"line":20,"column":4},"end":{"line":20,"column":20}},"loc":{"start":{"line":20,"column":20},"end":{"line":26,"column":7}},"line":20},"2":{"name":"(anonymous_2)","decl":{"start":{"line":23,"column":12},"end":{"line":23,"column":24}},"loc":{"start":{"line":23,"column":33},"end":{"line":23,"column":71}},"line":23},"3":{"name":"(anonymous_3)","decl":{"start":{"line":28,"column":10},"end":{"line":28,"column":31}},"loc":{"start":{"line":28,"column":74},"end":{"line":35,"column":null}},"line":28},"4":{"name":"(anonymous_4)","decl":{"start":{"line":30,"column":8},"end":{"line":30,"column":20}},"loc":{"start":{"line":30,"column":29},"end":{"line":33,"column":10}},"line":30},"5":{"name":"(anonymous_5)","decl":{"start":{"line":37,"column":25},"end":{"line":37,"column":32}},"loc":{"start":{"line":37,"column":55},"end":{"line":67,"column":null}},"line":37},"6":{"name":"(anonymous_6)","decl":{"start":{"line":69,"column":10},"end":{"line":69,"column":39}},"loc":{"start":{"line":69,"column":39},"end":{"line":73,"column":null}},"line":69},"7":{"name":"(anonymous_7)","decl":{"start":{"line":75,"column":10},"end":{"line":75,"column":45}},"loc":{"start":{"line":75,"column":45},"end":{"line":79,"column":null}},"line":75},"8":{"name":"(anonymous_8)","decl":{"start":{"line":81,"column":39},"end":{"line":81,"column":51}},"loc":{"start":{"line":81,"column":51},"end":{"line":97,"column":null}},"line":81},"9":{"name":"(anonymous_9)","decl":{"start":{"line":89,"column":12},"end":{"line":89,"column":29}},"loc":{"start":{"line":89,"column":29},"end":{"line":91,"column":15}},"line":89},"10":{"name":"(anonymous_10)","decl":{"start":{"line":127,"column":82},"end":{"line":127,"column":97}},"loc":{"start":{"line":127,"column":97},"end":{"line":127,"column":null}},"line":127},"11":{"name":"(anonymous_11)","decl":{"start":{"line":145,"column":51},"end":{"line":145,"column":61}},"loc":{"start":{"line":145,"column":67},"end":{"line":145,"column":null}},"line":145},"12":{"name":"(anonymous_12)","decl":{"start":{"line":150,"column":89},"end":{"line":150,"column":100}},"loc":{"start":{"line":150,"column":106},"end":{"line":150,"column":null}},"line":150}},"branchMap":{"0":{"loc":{"start":{"line":22,"column":8},"end":{"line":25,"column":null}},"type":"if","locations":[{"start":{"line":22,"column":8},"end":{"line":25,"column":null}},{"start":{},"end":{}}],"line":22},"1":{"loc":{"start":{"line":34,"column":8},"end":{"line":34,"column":null}},"type":"if","locations":[{"start":{"line":34,"column":8},"end":{"line":34,"column":null}},{"start":{},"end":{}}],"line":34},"2":{"loc":{"start":{"line":41,"column":8},"end":{"line":44,"column":null}},"type":"if","locations":[{"start":{"line":41,"column":8},"end":{"line":44,"column":null}},{"start":{},"end":{}}],"line":41},"3":{"loc":{"start":{"line":41,"column":12},"end":{"line":41,"column":54}},"type":"binary-expr","locations":[{"start":{"line":41,"column":12},"end":{"line":41,"column":34}},{"start":{"line":41,"column":34},"end":{"line":41,"column":54}}],"line":41},"4":{"loc":{"start":{"line":48,"column":12},"end":{"line":52,"column":null}},"type":"if","locations":[{"start":{"line":48,"column":12},"end":{"line":52,"column":null}},{"start":{"line":50,"column":19},"end":{"line":52,"column":null}}],"line":48},"5":{"loc":{"start":{"line":60,"column":12},"end":{"line":62,"column":null}},"type":"if","locations":[{"start":{"line":60,"column":12},"end":{"line":62,"column":null}},{"start":{},"end":{}}],"line":60},"6":{"loc":{"start":{"line":65,"column":26},"end":{"line":65,"column":80}},"type":"binary-expr","locations":[{"start":{"line":65,"column":26},"end":{"line":65,"column":41}},{"start":{"line":65,"column":41},"end":{"line":65,"column":80}}],"line":65},"7":{"loc":{"start":{"line":82,"column":8},"end":{"line":82,"column":null}},"type":"if","locations":[{"start":{"line":82,"column":8},"end":{"line":82,"column":null}},{"start":{},"end":{}}],"line":82},"8":{"loc":{"start":{"line":126,"column":41},"end":{"line":126,"column":77}},"type":"cond-expr","locations":[{"start":{"line":126,"column":56},"end":{"line":126,"column":65}},{"start":{"line":126,"column":65},"end":{"line":126,"column":77}}],"line":126},"9":{"loc":{"start":{"line":129,"column":33},"end":{"line":129,"column":null}},"type":"cond-expr","locations":[{"start":{"line":129,"column":48},"end":{"line":129,"column":72}},{"start":{"line":129,"column":71},"end":{"line":129,"column":null}}],"line":129},"10":{"loc":{"start":{"line":134,"column":21},"end":{"line":134,"column":null}},"type":"binary-expr","locations":[{"start":{"line":134,"column":21},"end":{"line":134,"column":35}},{"start":{"line":134,"column":35},"end":{"line":134,"column":null}}],"line":134},"11":{"loc":{"start":{"line":137,"column":25},"end":{"line":137,"column":null}},"type":"cond-expr","locations":[{"start":{"line":137,"column":39},"end":{"line":137,"column":54}},{"start":{"line":137,"column":54},"end":{"line":137,"column":null}}],"line":137},"12":{"loc":{"start":{"line":143,"column":13},"end":{"line":163,"column":null}},"type":"binary-expr","locations":[{"start":{"line":143,"column":13},"end":{"line":143,"column":null}},{"start":{"line":144,"column":16},"end":{"line":163,"column":null}}],"line":143},"13":{"loc":{"start":{"line":146,"column":25},"end":{"line":147,"column":null}},"type":"binary-expr","locations":[{"start":{"line":146,"column":25},"end":{"line":146,"column":null}},{"start":{"line":147,"column":28},"end":{"line":147,"column":null}}],"line":146},"14":{"loc":{"start":{"line":158,"column":109},"end":{"line":158,"column":null}},"type":"binary-expr","locations":[{"start":{"line":158,"column":109},"end":{"line":158,"column":140}},{"start":{"line":158,"column":140},"end":{"line":158,"column":null}}],"line":158},"15":{"loc":{"start":{"line":159,"column":33},"end":{"line":159,"column":null}},"type":"cond-expr","locations":[{"start":{"line":159,"column":62},"end":{"line":159,"column":77}},{"start":{"line":159,"column":77},"end":{"line":159,"column":null}}],"line":159}},"s":{"0":1,"1":123,"2":123,"3":123,"4":123,"5":123,"6":123,"7":123,"8":123,"9":123,"10":123,"11":123,"12":13,"13":13,"14":0,"15":0,"16":0,"17":123,"18":100,"19":100,"20":100,"21":100,"22":0,"23":123,"24":7,"25":7,"26":7,"27":3,"28":3,"29":4,"30":4,"31":0,"32":4,"33":4,"34":2,"35":0,"36":2,"37":2,"38":123,"39":0,"40":0,"41":0,"42":123,"43":0,"44":0,"45":0,"46":123,"47":0,"48":0,"49":0,"50":0,"51":0,"52":0,"53":0,"54":0,"55":0,"56":0,"57":123,"58":1,"59":0,"60":0},"f":{"0":123,"1":13,"2":0,"3":100,"4":100,"5":7,"6":0,"7":0,"8":0,"9":0,"10":1,"11":0,"12":0},"b":{"0":[0,13],"1":[0,100],"2":[3,4],"3":[7,5],"4":[0,4],"5":[0,2],"6":[2,0],"7":[0,0],"8":[1,122],"9":[1,122],"10":[123,5],"11":[0,123],"12":[123,0],"13":[0,0],"14":[0,0],"15":[0,0]},"meta":{"lastBranch":16,"lastFunction":13,"lastStatement":61,"seen":{"s:9:13:167:Infinity":0,"f:9:13:9:41":0,"s:10:32:10:Infinity":1,"s:11:10:11:Infinity":2,"s:12:21:12:78":3,"s:12:97:12:Infinity":4,"s:13:25:13:61":5,"s:13:80:13:Infinity":6,"s:16:36:16:83":7,"s:16:111:16:Infinity":8,"s:17:34:17:76":9,"s:17:111:17:Infinity":10,"s:20:4:26:Infinity":11,"f:20:4:20:20":1,"s:21:31:21:Infinity":12,"b:22:8:25:Infinity:undefined:undefined:undefined:undefined":0,"s:22:8:25:Infinity":13,"s:23:12:23:Infinity":14,"f:23:12:23:24":2,"s:23:33:23:71":15,"s:24:12:24:Infinity":16,"s:28:10:35:Infinity":17,"f:28:10:28:31":3,"s:29:32:29:Infinity":18,"s:30:8:33:Infinity":19,"f:30:8:30:20":4,"s:30:29:33:10":20,"b:34:8:34:Infinity:undefined:undefined:undefined:undefined":1,"s:34:8:34:Infinity":21,"s:34:24:34:Infinity":22,"s:37:25:67:Infinity":23,"f:37:25:37:32":5,"s:38:8:38:Infinity":24,"s:39:8:39:Infinity":25,"b:41:8:44:Infinity:undefined:undefined:undefined:undefined":2,"s:41:8:44:Infinity":26,"b:41:12:41:34:41:34:41:54":3,"s:42:12:42:Infinity":27,"s:43:12:43:Infinity":28,"s:46:8:66:Infinity":29,"b:48:12:52:Infinity:50:19:52:Infinity":4,"s:48:12:52:Infinity":30,"s:49:16:49:Infinity":31,"s:51:16:51:Infinity":32,"s:54:12:58:Infinity":33,"b:60:12:62:Infinity:undefined:undefined:undefined:undefined":5,"s:60:12:62:Infinity":34,"s:61:16:61:Infinity":35,"s:63:12:63:Infinity":36,"s:65:12:65:Infinity":37,"b:65:26:65:41:65:41:65:80":6,"s:69:10:73:Infinity":38,"f:69:10:69:39":6,"s:70:8:70:Infinity":39,"s:71:8:71:Infinity":40,"s:72:8:72:Infinity":41,"s:75:10:79:Infinity":42,"f:75:10:75:45":7,"s:76:8:76:Infinity":43,"s:77:8:77:Infinity":44,"s:78:8:78:Infinity":45,"s:81:39:97:Infinity":46,"f:81:39:81:51":8,"b:82:8:82:Infinity:undefined:undefined:undefined:undefined":7,"s:82:8:82:Infinity":47,"s:82:41:82:Infinity":48,"s:84:8:84:Infinity":49,"s:85:8:96:Infinity":50,"s:86:29:86:Infinity":51,"s:87:12:87:Infinity":52,"s:89:12:91:Infinity":53,"f:89:12:89:29":9,"s:90:16:90:Infinity":54,"s:93:12:93:Infinity":55,"s:95:12:95:Infinity":56,"s:99:4:165:Infinity":57,"b:126:56:126:65:126:65:126:77":8,"f:127:82:127:97":10,"s:127:97:127:Infinity":58,"b:129:48:129:72:129:71:129:Infinity":9,"b:134:21:134:35:134:35:134:Infinity":10,"b:137:39:137:54:137:54:137:Infinity":11,"b:143:13:143:Infinity:144:16:163:Infinity":12,"f:145:51:145:61":11,"s:145:67:145:Infinity":59,"b:146:25:146:Infinity:147:28:147:Infinity":13,"f:150:89:150:100":12,"s:150:106:150:Infinity":60,"b:158:109:158:140:158:140:158:Infinity":14,"b:159:62:159:77:159:77:159:Infinity":15}}}
}
